============================= test session starts ==============================
platform darwin -- Python 3.13.3, pytest-9.1.1, pluggy-1.6.0
rootdir: /Users/andreab/dev/dograh/.fusion/worktrees/dogr-001/.scratch/rebase-wt/dograh-livekit
configfile: pyproject.toml
plugins: mock-3.15.1, asyncio-1.4.0, anyio-4.15.1, respx-0.23.1
asyncio: mode=Mode.AUTO, debug=False, asyncio_default_fixture_loop_scope=None, asyncio_default_test_loop_scope=function
collected 27 items

dograh-livekit/tests/test_dograh_client.py ....
dograh-livekit/tests/test_flow.py .......
dograh-livekit/tests/test_models.py ....
dograh-livekit/tests/test_stages.py ....
dograh-livekit/tests/test_tools.py ...
dograh-livekit/tests/test_translator.py .....

============================= 27 passed in 13.68s ==============================
